2025-09-18 03:50:43,630 INFO RPC interface 'supervisor' initialized
2025-09-18 03:50:43,631 CRIT Server 'unix_http_server' running without any HTTP authentication checking
2025-09-18 03:50:43,633 INFO daemonizing the supervisord process
2025-09-18 03:50:43,634 INFO supervisord started with pid 1181
2025-09-18 03:50:44,638 INFO spawned: 'scanner_pro_ai' with pid 1183
2025-09-18 03:50:45,726 INFO success: scanner_pro_ai entered RUNNING state, process has stayed up for > than 1 seconds (startsecs)
2025-09-18 03:55:59,204 INFO spawned: 'api_proxy' with pid 2055
2025-09-18 03:56:00,310 INFO success: api_proxy entered RUNNING state, process has stayed up for > than 1 seconds (startsecs)
2025-09-18 03:56:41,687 INFO waiting for scanner_pro_ai to stop
2025-09-18 03:56:41,688 WARN stopped: scanner_pro_ai (terminated by SIGTERM)
2025-09-18 03:56:41,692 INFO spawned: 'scanner_pro_ai' with pid 2392
2025-09-18 03:56:42,786 INFO success: scanner_pro_ai entered RUNNING state, process has stayed up for > than 1 seconds (startsecs)
2025-09-18 04:00:46,243 INFO waiting for scanner_pro_ai to stop
2025-09-18 04:00:46,245 WARN stopped: scanner_pro_ai (terminated by SIGTERM)
2025-09-18 04:00:46,249 INFO spawned: 'scanner_pro_ai' with pid 3061
2025-09-18 04:00:46,343 WARN exited: scanner_pro_ai (exit status 1; not expected)
2025-09-18 04:00:47,347 INFO spawned: 'scanner_pro_ai' with pid 3067
2025-09-18 04:00:47,440 WARN exited: scanner_pro_ai (exit status 1; not expected)
2025-09-18 04:00:49,446 INFO spawned: 'scanner_pro_ai' with pid 3070
2025-09-18 04:00:49,538 WARN exited: scanner_pro_ai (exit status 1; not expected)
2025-09-18 04:00:52,545 INFO spawned: 'scanner_pro_ai' with pid 3075
2025-09-18 04:00:52,639 WARN exited: scanner_pro_ai (exit status 1; not expected)
2025-09-18 04:00:53,641 INFO gave up: scanner_pro_ai entered FATAL state, too many start retries too quickly
2025-09-18 04:01:18,086 INFO waiting for api_proxy to die
2025-09-18 04:01:18,086 WARN stopped: api_proxy (terminated by SIGTERM)
2025-09-18 04:01:20,279 INFO RPC interface 'supervisor' initialized
2025-09-18 04:01:20,279 CRIT Server 'unix_http_server' running without any HTTP authentication checking
2025-09-18 04:01:20,282 INFO daemonizing the supervisord process
2025-09-18 04:01:20,282 INFO supervisord started with pid 3121
2025-09-18 04:01:21,286 INFO spawned: 'api_proxy' with pid 3123
2025-09-18 04:01:21,288 INFO spawned: 'scanner_pro_ai' with pid 3124
2025-09-18 04:01:22,387 INFO success: api_proxy entered RUNNING state, process has stayed up for > than 1 seconds (startsecs)
2025-09-18 04:01:22,387 INFO success: scanner_pro_ai entered RUNNING state, process has stayed up for > than 1 seconds (startsecs)
2025-09-18 04:03:15,239 INFO waiting for scanner_pro_ai to stop
2025-09-18 04:03:15,240 WARN stopped: scanner_pro_ai (terminated by SIGTERM)
2025-09-18 04:03:15,244 INFO spawned: 'scanner_pro_ai' with pid 3635
2025-09-18 04:03:15,344 WARN exited: scanner_pro_ai (exit status 1; not expected)
2025-09-18 04:03:16,348 INFO spawned: 'scanner_pro_ai' with pid 3638
2025-09-18 04:03:16,442 WARN exited: scanner_pro_ai (exit status 1; not expected)
2025-09-18 04:03:18,448 INFO spawned: 'scanner_pro_ai' with pid 3641
2025-09-18 04:03:18,550 WARN exited: scanner_pro_ai (exit status 1; not expected)
2025-09-18 04:03:20,784 INFO waiting for api_proxy to die
2025-09-18 04:03:20,785 WARN stopped: api_proxy (terminated by SIGTERM)
2025-09-18 04:03:23,963 INFO RPC interface 'supervisor' initialized
2025-09-18 04:03:23,963 CRIT Server 'unix_http_server' running without any HTTP authentication checking
2025-09-18 04:03:23,965 INFO daemonizing the supervisord process
2025-09-18 04:03:23,966 INFO supervisord started with pid 3653
2025-09-18 04:03:24,969 INFO spawned: 'api_proxy' with pid 3656
2025-09-18 04:03:24,972 INFO spawned: 'scanner_pro_ai' with pid 3657
2025-09-18 04:03:25,080 WARN exited: api_proxy (exit status 1; not expected)
2025-09-18 04:03:25,080 WARN exited: scanner_pro_ai (exit status 1; not expected)
2025-09-18 04:03:26,083 INFO spawned: 'api_proxy' with pid 3659
2025-09-18 04:03:26,086 INFO spawned: 'scanner_pro_ai' with pid 3660
2025-09-18 04:03:26,216 WARN exited: scanner_pro_ai (exit status 1; not expected)
2025-09-18 04:03:26,230 WARN exited: api_proxy (exit status 1; not expected)
2025-09-18 04:03:28,235 INFO spawned: 'api_proxy' with pid 3663
2025-09-18 04:03:28,238 INFO spawned: 'scanner_pro_ai' with pid 3664
2025-09-18 04:03:28,343 WARN exited: api_proxy (exit status 1; not expected)
2025-09-18 04:03:28,343 WARN exited: scanner_pro_ai (exit status 1; not expected)
2025-09-18 04:03:31,349 INFO spawned: 'api_proxy' with pid 3671
2025-09-18 04:03:31,353 INFO spawned: 'scanner_pro_ai' with pid 3672
2025-09-18 04:03:33,019 INFO success: api_proxy entered RUNNING state, process has stayed up for > than 1 seconds (startsecs)
2025-09-18 04:03:33,019 INFO success: scanner_pro_ai entered RUNNING state, process has stayed up for > than 1 seconds (startsecs)
2025-09-18 04:04:32,074 INFO waiting for scanner_pro_ai to stop
2025-09-18 04:04:32,076 WARN stopped: scanner_pro_ai (terminated by SIGTERM)
2025-09-18 04:04:32,079 INFO spawned: 'scanner_pro_ai' with pid 4024
2025-09-18 04:04:32,178 WARN exited: scanner_pro_ai (exit status 1; not expected)
2025-09-18 04:04:33,182 INFO spawned: 'scanner_pro_ai' with pid 4026
2025-09-18 04:04:33,277 WARN exited: scanner_pro_ai (exit status 1; not expected)
2025-09-18 04:04:35,283 INFO spawned: 'scanner_pro_ai' with pid 4029
2025-09-18 04:04:35,378 WARN exited: scanner_pro_ai (exit status 1; not expected)
2025-09-18 04:04:38,384 INFO spawned: 'scanner_pro_ai' with pid 4034
2025-09-18 04:04:38,482 WARN exited: scanner_pro_ai (exit status 1; not expected)
2025-09-18 04:04:39,484 INFO gave up: scanner_pro_ai entered FATAL state, too many start retries too quickly
2025-09-18 04:04:42,445 INFO waiting for api_proxy to die
2025-09-18 04:04:42,447 WARN stopped: api_proxy (terminated by SIGTERM)
2025-09-18 04:04:44,635 INFO RPC interface 'supervisor' initialized
2025-09-18 04:04:44,635 CRIT Server 'unix_http_server' running without any HTTP authentication checking
2025-09-18 04:04:44,638 INFO daemonizing the supervisord process
2025-09-18 04:04:44,638 INFO supervisord started with pid 4048
2025-09-18 04:04:45,642 INFO spawned: 'api_proxy' with pid 4051
2025-09-18 04:04:45,644 INFO spawned: 'scanner_pro_ai' with pid 4052
2025-09-18 04:04:45,742 WARN exited: scanner_pro_ai (exit status 1; not expected)
2025-09-18 04:04:46,744 INFO success: api_proxy entered RUNNING state, process has stayed up for > than 1 seconds (startsecs)
2025-09-18 04:04:46,746 INFO spawned: 'scanner_pro_ai' with pid 4054
2025-09-18 04:04:46,844 WARN exited: scanner_pro_ai (exit status 1; not expected)
2025-09-18 04:04:49,800 INFO spawned: 'scanner_pro_ai' with pid 4058
2025-09-18 04:04:50,884 INFO success: scanner_pro_ai entered RUNNING state, process has stayed up for > than 1 seconds (startsecs)
2025-09-18 04:04:57,585 WARN exited: scanner_pro_ai (terminated by SIGTERM; not expected)
2025-09-18 04:04:58,588 INFO spawned: 'scanner_pro_ai' with pid 4076
2025-09-18 04:04:59,680 INFO success: scanner_pro_ai entered RUNNING state, process has stayed up for > than 1 seconds (startsecs)
2025-09-18 04:11:32,160 INFO waiting for scanner_pro_ai to stop
2025-09-18 04:11:32,161 WARN stopped: scanner_pro_ai (terminated by SIGTERM)
2025-09-18 04:11:32,165 INFO spawned: 'scanner_pro_ai' with pid 5062
2025-09-18 04:11:33,262 INFO success: scanner_pro_ai entered RUNNING state, process has stayed up for > than 1 seconds (startsecs)
2025-09-18 14:16:00,456 INFO waiting for scanner_pro_ai to stop
2025-09-18 14:16:00,457 WARN stopped: scanner_pro_ai (terminated by SIGTERM)
2025-09-18 14:16:00,461 INFO spawned: 'scanner_pro_ai' with pid 35781
2025-09-18 14:16:01,540 INFO success: scanner_pro_ai entered RUNNING state, process has stayed up for > than 1 seconds (startsecs)
2025-09-18 14:17:37,267 INFO waiting for scanner_pro_ai to stop
2025-09-18 14:17:37,268 WARN stopped: scanner_pro_ai (terminated by SIGTERM)
2025-09-18 14:17:37,272 INFO spawned: 'scanner_pro_ai' with pid 36261
2025-09-18 14:17:37,369 WARN exited: scanner_pro_ai (exit status 1; not expected)
2025-09-18 14:17:38,372 INFO spawned: 'scanner_pro_ai' with pid 36264
2025-09-18 14:17:38,469 WARN exited: scanner_pro_ai (exit status 1; not expected)
2025-09-18 14:17:40,475 INFO spawned: 'scanner_pro_ai' with pid 36269
2025-09-18 14:17:40,579 WARN exited: scanner_pro_ai (exit status 1; not expected)
2025-09-18 14:17:43,585 INFO spawned: 'scanner_pro_ai' with pid 36273
2025-09-18 14:17:43,681 WARN exited: scanner_pro_ai (exit status 1; not expected)
2025-09-18 14:17:43,867 INFO gave up: scanner_pro_ai entered FATAL state, too many start retries too quickly
2025-09-18 14:17:43,868 INFO waiting for api_proxy to die
2025-09-18 14:17:43,870 WARN stopped: api_proxy (terminated by SIGTERM)
2025-09-18 14:17:46,056 INFO RPC interface 'supervisor' initialized
2025-09-18 14:17:46,056 CRIT Server 'unix_http_server' running without any HTTP authentication checking
2025-09-18 14:17:46,059 INFO daemonizing the supervisord process
2025-09-18 14:17:46,059 INFO supervisord started with pid 36282
2025-09-18 14:17:47,063 INFO spawned: 'api_proxy' with pid 36285
2025-09-18 14:17:47,066 INFO spawned: 'scanner_pro_ai' with pid 36286
2025-09-18 14:17:47,163 WARN exited: scanner_pro_ai (exit status 1; not expected)
2025-09-18 14:17:48,164 INFO success: api_proxy entered RUNNING state, process has stayed up for > than 1 seconds (startsecs)
2025-09-18 14:17:48,166 INFO spawned: 'scanner_pro_ai' with pid 36288
2025-09-18 14:17:49,208 INFO success: scanner_pro_ai entered RUNNING state, process has stayed up for > than 1 seconds (startsecs)
2025-09-18 14:34:01,180 INFO waiting for scanner_pro_ai to stop
2025-09-18 14:34:01,182 WARN stopped: scanner_pro_ai (terminated by SIGTERM)
2025-09-18 14:34:01,186 INFO spawned: 'scanner_pro_ai' with pid 38068
2025-09-18 14:34:02,281 INFO success: scanner_pro_ai entered RUNNING state, process has stayed up for > than 1 seconds (startsecs)
2025-09-18 14:40:44,786 INFO waiting for scanner_pro_ai to stop
2025-09-18 14:40:44,788 WARN stopped: scanner_pro_ai (terminated by SIGTERM)
2025-09-18 14:40:44,793 INFO spawned: 'scanner_pro_ai' with pid 38691
2025-09-18 14:40:45,891 INFO success: scanner_pro_ai entered RUNNING state, process has stayed up for > than 1 seconds (startsecs)
2025-09-18 14:54:34,953 WARN stopped: api_proxy (terminated by SIGTERM)
2025-09-18 14:54:34,953 INFO waiting for scanner_pro_ai to stop
2025-09-18 14:54:34,955 WARN stopped: scanner_pro_ai (terminated by SIGTERM)
2025-09-18 14:54:35,961 INFO spawned: 'api_proxy' with pid 40188
2025-09-18 14:54:35,963 INFO spawned: 'scanner_pro_ai' with pid 40189
2025-09-18 14:54:37,060 INFO success: api_proxy entered RUNNING state, process has stayed up for > than 1 seconds (startsecs)
2025-09-18 14:54:37,060 INFO success: scanner_pro_ai entered RUNNING state, process has stayed up for > than 1 seconds (startsecs)
2025-09-18 15:05:07,684 INFO waiting for api_proxy to stop
2025-09-18 15:05:07,686 WARN stopped: api_proxy (terminated by SIGTERM)
2025-09-18 15:05:07,693 INFO spawned: 'api_proxy' with pid 42130
2025-09-18 15:05:08,804 INFO success: api_proxy entered RUNNING state, process has stayed up for > than 1 seconds (startsecs)
2025-09-18 15:05:13,481 INFO waiting for scanner_pro_ai to stop
2025-09-18 15:05:13,483 WARN stopped: scanner_pro_ai (terminated by SIGTERM)
2025-09-18 15:05:13,487 INFO spawned: 'scanner_pro_ai' with pid 42144
2025-09-18 15:05:14,589 INFO success: scanner_pro_ai entered RUNNING state, process has stayed up for > than 1 seconds (startsecs)
